<?xml version="1.0" encoding="UTF-8"?>
<testsuite xmlns:xsi="http://www.w3.org/2001/XMLSchema-instance" xsi:noNamespaceSchemaLocation="https://maven.apache.org/surefire/maven-surefire-plugin/xsd/surefire-test-report-3.0.xsd" version="3.0" name="TestSuite" time="25.299" tests="3" errors="0" skipped="0" failures="1">
  <properties>
[...]
</properties>
  <testcase name="basePageNavigation" classname="Academy.validateNavigationBr" time="0.231">
    <system-err><![CDATA[Starting ChromeDriver 2.42.591088 (7b2b2dca23cca0862f674758c9a3933e685c27d5) on port 47949
Only local connections are allowed.
Starting ChromeDriver 2.42.591088 (7b2b2dca23cca0862f674758c9a3933e685c27d5) on port 18269
Only local connections are allowed.
Starting ChromeDriver 2.42.591088 (7b2b2dca23cca0862f674758c9a3933e685c27d5) on port 29118
Only local connections are allowed.
[1594710753.053][WARNING]: Timed out connecting to Chrome, retrying...
[1594710753.325][WARNING]: Timed out connecting to Chrome, retrying...
[1594710753.676][WARNING]: Timed out connecting to Chrome, retrying...
Jul 14, 2020 12:42:35 PM org.openqa.selenium.remote.ProtocolHandshake createSession
INFO: Detected dialect: OSS
Jul 14, 2020 12:42:35 PM org.openqa.selenium.remote.ProtocolHandshake createSession
INFO: Detected dialect: OSS
Jul 14, 2020 12:42:35 PM org.openqa.selenium.remote.ProtocolHandshake createSession
INFO: Detected dialect: OSS
]]></system-err>
  </testcase>
  <testcase name="basePageNavigation" classname="Academy.ValidateTitle" time="0.109">
    <failure message="expected [FEATURED COURS1ES] but found [FEATURED COURSES]" type="java.lang.AssertionError"><![CDATA[java.lang.AssertionError: expected [FEATURED COURS1ES] but found [FEATURED COURSES]
	at Academy.ValidateTitle.basePageNavigation(ValidateTitle.java:43)
]]></failure>
  </testcase>
  <testcase name="basePageNavigation" classname="Academy.HomePage" time="3.196"/>
</testsuite>